<?xml version="1.0" encoding="UTF-8"?>
<testng-results skipped="0" failed="0" ignored="0" total="1" passed="1">
  <reporter-output>
  </reporter-output>
  <suite name="Default suite" duration-ms="25" started-at="2019-03-04T06:24:29Z" finished-at="2019-03-04T06:24:29Z">
    <groups>
    </groups>
    <test name="Default test" duration-ms="25" started-at="2019-03-04T06:24:29Z" finished-at="2019-03-04T06:24:29Z">
      <class name="jenkinsdemos.DemoJenkinsJobs">
        <test-method status="PASS" signature="testJenkins()[pri:0, instance:jenkinsdemos.DemoJenkinsJobs@51efea79]" name="testJenkins" duration-ms="8" started-at="2019-03-04T06:24:29Z" finished-at="2019-03-04T06:24:29Z">
          <reporter-output>
          </reporter-output>
        </test-method> <!-- testJenkins -->
      </class> <!-- jenkinsdemos.DemoJenkinsJobs -->
    </test> <!-- Default test -->
  </suite> <!-- Default suite -->
</testng-results>
